2022-11-30 02:22:37.694 +06:00 [INF] Application Starting (API)...
2022-11-30 02:23:42.162 +06:00 [ERR] An unhandled exception has occurred while executing the request.
System.ArgumentException: The string argument 'ordering' cannot be empty.
   at System.Linq.Dynamic.Core.Validation.Check.NotEmpty(String value, String parameterName)
   at System.Linq.Dynamic.Core.DynamicQueryableExtensions.InternalOrderBy(IQueryable source, ParsingConfig config, String ordering, Object comparer, Object[] args)
   at System.Linq.Dynamic.Core.DynamicQueryableExtensions.OrderBy(IQueryable source, ParsingConfig config, String ordering, Object[] args)
   at System.Linq.Dynamic.Core.DynamicQueryableExtensions.OrderBy[TSource](IQueryable`1 source, ParsingConfig config, String ordering, Object[] args)
   at System.Linq.Dynamic.Core.DynamicQueryableExtensions.OrderBy[TSource](IQueryable`1 source, String ordering, Object[] args)
   at FirstDemo.Infrastructure.Repositories.Repository`2.GetDynamic(Expression`1 filter, String orderBy, String includeProperties, Int32 pageIndex, Int32 pageSize, Boolean isTrackingOff) in G:\ASP.NET-Core-MVC-Nuts-And-Bolts\ASP.NET Core MVC\FirstDemo.Infrastructure\Repositories\Repository.cs:line 165
   at FirstDemo.Infrastructure.Repositories.CourseRepository.GetCourses(Int32 pageIndex, Int32 pageSize, String searchText, String orderby) in G:\ASP.NET-Core-MVC-Nuts-And-Bolts\ASP.NET Core MVC\FirstDemo.Infrastructure\Repositories\CourseRepository.cs:line 19
   at FirstDemo.Infrastructure.Services.CourseService.GetCourses(Int32 pageIndex, Int32 pageSize, String searchText, String orderby) in G:\ASP.NET-Core-MVC-Nuts-And-Bolts\ASP.NET Core MVC\FirstDemo.Infrastructure\Services\CourseService.cs:line 46
   at FirstDemo.API.Models.CourseModel.GetPagedCourses(DataTablesAjaxRequestModel model) in G:\ASP.NET-Core-MVC-Nuts-And-Bolts\ASP.NET Core MVC\FirstDemo.API\Models\CourseModel.cs:line 74
   at FirstDemo.API.Controllers.CourseController.Get() in G:\ASP.NET-Core-MVC-Nuts-And-Bolts\ASP.NET Core MVC\FirstDemo.API\Controllers\CourseController.cs:line 30
   at Microsoft.AspNetCore.Mvc.Infrastructure.ActionMethodExecutor.SyncObjectResultExecutor.Execute(IActionResultTypeMapper mapper, ObjectMethodExecutor executor, Object controller, Object[] arguments)
   at Microsoft.AspNetCore.Mvc.Infrastructure.ControllerActionInvoker.InvokeActionMethodAsync()
   at Microsoft.AspNetCore.Mvc.Infrastructure.ControllerActionInvoker.Next(State& next, Scope& scope, Object& state, Boolean& isCompleted)
   at Microsoft.AspNetCore.Mvc.Infrastructure.ControllerActionInvoker.InvokeNextActionFilterAsync()
--- End of stack trace from previous location ---
   at Microsoft.AspNetCore.Mvc.Infrastructure.ControllerActionInvoker.Rethrow(ActionExecutedContextSealed context)
   at Microsoft.AspNetCore.Mvc.Infrastructure.ControllerActionInvoker.Next(State& next, Scope& scope, Object& state, Boolean& isCompleted)
   at Microsoft.AspNetCore.Mvc.Infrastructure.ControllerActionInvoker.InvokeInnerFilterAsync()
--- End of stack trace from previous location ---
   at Microsoft.AspNetCore.Mvc.Infrastructure.ResourceInvoker.<InvokeFilterPipelineAsync>g__Awaited|20_0(ResourceInvoker invoker, Task lastTask, State next, Scope scope, Object state, Boolean isCompleted)
   at Microsoft.AspNetCore.Mvc.Infrastructure.ResourceInvoker.<InvokeAsync>g__Awaited|17_0(ResourceInvoker invoker, Task task, IDisposable scope)
   at Microsoft.AspNetCore.Mvc.Infrastructure.ResourceInvoker.<InvokeAsync>g__Awaited|17_0(ResourceInvoker invoker, Task task, IDisposable scope)
   at Microsoft.AspNetCore.Routing.EndpointMiddleware.<Invoke>g__AwaitRequestTask|6_0(Endpoint endpoint, Task requestTask, ILogger logger)
   at Microsoft.AspNetCore.Authorization.Policy.AuthorizationMiddlewareResultHandler.HandleAsync(RequestDelegate next, HttpContext context, AuthorizationPolicy policy, PolicyAuthorizationResult authorizeResult)
   at Microsoft.AspNetCore.Authorization.AuthorizationMiddleware.Invoke(HttpContext context)
   at Swashbuckle.AspNetCore.SwaggerUI.SwaggerUIMiddleware.Invoke(HttpContext httpContext)
   at Swashbuckle.AspNetCore.Swagger.SwaggerMiddleware.Invoke(HttpContext httpContext, ISwaggerProvider swaggerProvider)
   at Microsoft.AspNetCore.Diagnostics.DeveloperExceptionPageMiddleware.Invoke(HttpContext context)
2022-11-30 02:23:56.371 +06:00 [INF] Application Starting (API)...
2022-11-30 02:38:01.092 +06:00 [INF] Application Starting (API)...
2022-11-30 02:39:38.940 +06:00 [INF] Application Starting (API)...
2022-11-30 02:42:49.172 +06:00 [INF] Application Starting (API)...
2022-11-30 02:51:06.432 +06:00 [INF] Application Starting (API)...
2022-11-30 03:08:26.367 +06:00 [INF] Application Starting (API)...
2022-11-30 03:14:47.080 +06:00 [INF] Application Starting (API)...
2022-11-30 03:23:30.073 +06:00 [INF] Application Starting (API)...
2022-11-30 03:29:42.955 +06:00 [INF] Application Starting (API)...
2022-11-30 03:37:43.278 +06:00 [INF] Application Starting (API)...
2022-11-30 03:39:36.731 +06:00 [INF] Application Starting (API)...
2022-11-30 04:01:40.192 +06:00 [INF] Application Starting (API)...
2022-11-30 16:39:19.994 +06:00 [INF] Application Starting (API)...
2022-11-30 21:21:51.742 +06:00 [INF] Application Starting (API)...
2022-11-30 21:44:07.901 +06:00 [INF] Application Starting (API)...
2022-11-30 21:49:44.755 +06:00 [ERR] An unhandled exception has occurred while executing the request.
Microsoft.AspNetCore.Routing.Matching.AmbiguousMatchException: The request matched multiple endpoints. Matches: 

FirstDemo.API.Controllers.CourseController.Get (FirstDemo.API)
FirstDemo.API.Controllers.CourseController.Get (FirstDemo.API)
   at Microsoft.AspNetCore.Routing.Matching.DefaultEndpointSelector.ReportAmbiguity(CandidateState[] candidateState)
   at Microsoft.AspNetCore.Routing.Matching.DefaultEndpointSelector.ProcessFinalCandidates(HttpContext httpContext, CandidateState[] candidateState)
   at Microsoft.AspNetCore.Routing.Matching.DefaultEndpointSelector.Select(HttpContext httpContext, CandidateState[] candidateState)
   at Microsoft.AspNetCore.Routing.Matching.DfaMatcher.MatchAsync(HttpContext httpContext)
   at Microsoft.AspNetCore.Routing.EndpointRoutingMiddleware.Invoke(HttpContext httpContext)
   at Microsoft.AspNetCore.Diagnostics.DeveloperExceptionPageMiddleware.Invoke(HttpContext context)
2022-11-30 21:50:53.470 +06:00 [ERR] An unhandled exception has occurred while executing the request.
Microsoft.AspNetCore.Routing.Matching.AmbiguousMatchException: The request matched multiple endpoints. Matches: 

FirstDemo.API.Controllers.CourseController.Get (FirstDemo.API)
FirstDemo.API.Controllers.CourseController.Get (FirstDemo.API)
   at Microsoft.AspNetCore.Routing.Matching.DefaultEndpointSelector.ReportAmbiguity(CandidateState[] candidateState)
   at Microsoft.AspNetCore.Routing.Matching.DefaultEndpointSelector.ProcessFinalCandidates(HttpContext httpContext, CandidateState[] candidateState)
   at Microsoft.AspNetCore.Routing.Matching.DefaultEndpointSelector.Select(HttpContext httpContext, CandidateState[] candidateState)
   at Microsoft.AspNetCore.Routing.Matching.DfaMatcher.MatchAsync(HttpContext httpContext)
   at Microsoft.AspNetCore.Routing.EndpointRoutingMiddleware.Invoke(HttpContext httpContext)
   at Microsoft.AspNetCore.Diagnostics.DeveloperExceptionPageMiddleware.Invoke(HttpContext context)
2022-11-30 21:52:27.468 +06:00 [ERR] An unhandled exception has occurred while executing the request.
Microsoft.AspNetCore.Routing.Matching.AmbiguousMatchException: The request matched multiple endpoints. Matches: 

FirstDemo.API.Controllers.CourseController.Get (FirstDemo.API)
FirstDemo.API.Controllers.CourseController.Get (FirstDemo.API)
   at Microsoft.AspNetCore.Routing.Matching.DefaultEndpointSelector.ReportAmbiguity(CandidateState[] candidateState)
   at Microsoft.AspNetCore.Routing.Matching.DefaultEndpointSelector.ProcessFinalCandidates(HttpContext httpContext, CandidateState[] candidateState)
   at Microsoft.AspNetCore.Routing.Matching.DefaultEndpointSelector.Select(HttpContext httpContext, CandidateState[] candidateState)
   at Microsoft.AspNetCore.Routing.Matching.DfaMatcher.MatchAsync(HttpContext httpContext)
   at Microsoft.AspNetCore.Routing.EndpointRoutingMiddleware.Invoke(HttpContext httpContext)
   at Microsoft.AspNetCore.Diagnostics.DeveloperExceptionPageMiddleware.Invoke(HttpContext context)
2022-11-30 21:52:43.585 +06:00 [ERR] An unhandled exception has occurred while executing the request.
Microsoft.AspNetCore.Routing.Matching.AmbiguousMatchException: The request matched multiple endpoints. Matches: 

FirstDemo.API.Controllers.CourseController.Get (FirstDemo.API)
FirstDemo.API.Controllers.CourseController.Get (FirstDemo.API)
   at Microsoft.AspNetCore.Routing.Matching.DefaultEndpointSelector.ReportAmbiguity(CandidateState[] candidateState)
   at Microsoft.AspNetCore.Routing.Matching.DefaultEndpointSelector.ProcessFinalCandidates(HttpContext httpContext, CandidateState[] candidateState)
   at Microsoft.AspNetCore.Routing.Matching.DefaultEndpointSelector.Select(HttpContext httpContext, CandidateState[] candidateState)
   at Microsoft.AspNetCore.Routing.Matching.DfaMatcher.MatchAsync(HttpContext httpContext)
   at Microsoft.AspNetCore.Routing.EndpointRoutingMiddleware.Invoke(HttpContext httpContext)
   at Microsoft.AspNetCore.Diagnostics.DeveloperExceptionPageMiddleware.Invoke(HttpContext context)
2022-11-30 21:55:58.814 +06:00 [INF] Application Starting (API)...
