2022-12-06 02:01:17.765 +06:00 [INF] Application Starting .
2022-12-06 02:01:22.617 +06:00 [INF] I am in index page .
2022-12-06 02:01:32.105 +06:00 [ERR] An unhandled exception has occurred while executing the request.
Autofac.Core.DependencyResolutionException: An exception was thrown while activating FirstDemo.Infrastructure.Services.HtmlEmailServive.
 ---> Autofac.Core.DependencyResolutionException: None of the constructors found with 'Autofac.Core.Activators.Reflection.DefaultConstructorFinder' on type 'FirstDemo.Infrastructure.Services.HtmlEmailServive' can be invoked with the available services and parameters:
Cannot resolve parameter 'FirstDemo.Infrastructure.BusinessObjects.Smtp emailSettins' of constructor 'Void .ctor(FirstDemo.Infrastructure.BusinessObjects.Smtp)'.
   at Autofac.Core.Activators.Reflection.ReflectionActivator.<>c__DisplayClass12_0.<UseSingleConstructorActivation>b__0(ResolveRequestContext ctxt, Action`1 next)
   at Autofac.Core.Resolving.Middleware.DisposalTrackingMiddleware.Execute(ResolveRequestContext context, Action`1 next)
   at Autofac.Core.Resolving.Middleware.ActivatorErrorHandlingMiddleware.Execute(ResolveRequestContext context, Action`1 next)
   --- End of inner exception stack trace ---
   at Autofac.Core.Resolving.Middleware.ActivatorErrorHandlingMiddleware.Execute(ResolveRequestContext context, Action`1 next)
   at Autofac.Core.Resolving.Middleware.SharingMiddleware.<>c__DisplayClass5_0.<Execute>b__0()
   at Autofac.Core.Lifetime.LifetimeScope.CreateSharedInstance(Guid id, Func`1 creator)
   at Autofac.Core.Lifetime.LifetimeScope.CreateSharedInstance(Guid primaryId, Nullable`1 qualifyingId, Func`1 creator)
   at Autofac.Core.Resolving.Middleware.SharingMiddleware.Execute(ResolveRequestContext context, Action`1 next)
   at Autofac.Core.Resolving.Middleware.CircularDependencyDetectorMiddleware.Execute(ResolveRequestContext context, Action`1 next)
   at Autofac.Core.Resolving.ResolveOperation.GetOrCreateInstance(ISharingLifetimeScope currentOperationScope, ResolveRequest request)
   at Autofac.Core.Resolving.ResolveOperation.ExecuteOperation(ResolveRequest request)
   at Autofac.ResolutionExtensions.TryResolveService(IComponentContext context, Service service, IEnumerable`1 parameters, Object& instance)
   at Autofac.ResolutionExtensions.ResolveOptionalService(IComponentContext context, Service service, IEnumerable`1 parameters)
   at Microsoft.Extensions.DependencyInjection.ActivatorUtilities.GetService(IServiceProvider sp, Type type, Type requiredBy, Boolean isDefaultParameterRequired)
   at lambda_method572(Closure , IServiceProvider , Object[] )
   at Microsoft.AspNetCore.Mvc.Controllers.ControllerActivatorProvider.<>c__DisplayClass7_0.<CreateActivator>b__0(ControllerContext controllerContext)
   at Microsoft.AspNetCore.Mvc.Controllers.ControllerFactoryProvider.<>c__DisplayClass6_0.<CreateControllerFactory>g__CreateController|0(ControllerContext controllerContext)
   at Microsoft.AspNetCore.Mvc.Infrastructure.ControllerActionInvoker.Next(State& next, Scope& scope, Object& state, Boolean& isCompleted)
   at Microsoft.AspNetCore.Mvc.Infrastructure.ControllerActionInvoker.InvokeInnerFilterAsync()
--- End of stack trace from previous location ---
   at Microsoft.AspNetCore.Mvc.Infrastructure.ResourceInvoker.<InvokeNextResourceFilter>g__Awaited|25_0(ResourceInvoker invoker, Task lastTask, State next, Scope scope, Object state, Boolean isCompleted)
   at Microsoft.AspNetCore.Mvc.Infrastructure.ResourceInvoker.Rethrow(ResourceExecutedContextSealed context)
   at Microsoft.AspNetCore.Mvc.Infrastructure.ResourceInvoker.Next(State& next, Scope& scope, Object& state, Boolean& isCompleted)
   at Microsoft.AspNetCore.Mvc.Infrastructure.ResourceInvoker.InvokeFilterPipelineAsync()
--- End of stack trace from previous location ---
   at Microsoft.AspNetCore.Mvc.Infrastructure.ResourceInvoker.<InvokeAsync>g__Awaited|17_0(ResourceInvoker invoker, Task task, IDisposable scope)
   at Microsoft.AspNetCore.Mvc.Infrastructure.ResourceInvoker.<InvokeAsync>g__Awaited|17_0(ResourceInvoker invoker, Task task, IDisposable scope)
   at Microsoft.AspNetCore.Routing.EndpointMiddleware.<Invoke>g__AwaitRequestTask|6_0(Endpoint endpoint, Task requestTask, ILogger logger)
   at Microsoft.AspNetCore.Session.SessionMiddleware.Invoke(HttpContext context)
   at Microsoft.AspNetCore.Session.SessionMiddleware.Invoke(HttpContext context)
   at Microsoft.AspNetCore.Authorization.AuthorizationMiddleware.Invoke(HttpContext context)
   at Microsoft.AspNetCore.Authentication.AuthenticationMiddleware.Invoke(HttpContext context)
   at Microsoft.AspNetCore.Diagnostics.DeveloperExceptionPageMiddleware.Invoke(HttpContext context)
2022-12-06 02:09:57.607 +06:00 [INF] Application Starting .
2022-12-06 02:10:00.773 +06:00 [INF] I am in index page .
2022-12-06 02:12:17.371 +06:00 [WRN] User validation failed: DuplicateUserName;DuplicateEmail.
2022-12-06 02:13:05.953 +06:00 [WRN] User validation failed: DuplicateUserName;DuplicateEmail.
2022-12-06 02:17:27.296 +06:00 [INF] User created a new account with password.
2022-12-06 02:18:18.537 +06:00 [INF] I am in index page .
2022-12-06 02:35:48.079 +06:00 [INF] Application Starting .
2022-12-06 02:35:51.264 +06:00 [INF] I am in index page .
2022-12-06 02:36:11.954 +06:00 [INF] User created a new account with password.
2022-12-06 02:36:13.789 +06:00 [WRN] User validation failed: DuplicateUserName;DuplicateEmail.
2022-12-06 02:37:49.121 +06:00 [INF] Application Starting .
2022-12-06 02:37:51.459 +06:00 [INF] I am in index page .
2022-12-06 02:38:13.521 +06:00 [INF] User created a new account with password.
2022-12-06 02:38:18.649 +06:00 [INF] I am in index page .
2022-12-06 02:44:31.695 +06:00 [INF] Application Starting .
2022-12-06 02:44:34.726 +06:00 [INF] I am in index page .
2022-12-06 02:45:15.997 +06:00 [INF] User created a new account with password.
2022-12-06 02:45:21.466 +06:00 [INF] I am in index page .
2022-12-06 02:51:01.080 +06:00 [INF] Application Starting .
2022-12-06 02:51:04.577 +06:00 [INF] I am in index page .
2022-12-06 02:51:43.081 +06:00 [INF] User created a new account with password.
2022-12-06 02:51:48.652 +06:00 [INF] I am in index page .
